<?xml version="1.0" encoding="UTF-8"?>
<testng-results skipped="0" failed="0" ignored="0" total="1" passed="1">
  <reporter-output>
  </reporter-output>
  <suite name="Default suite" duration-ms="17039" started-at="2022-10-07T09:32:17 IST" finished-at="2022-10-07T09:32:34 IST">
    <groups>
    </groups>
    <test name="Default test" duration-ms="17039" started-at="2022-10-07T09:32:17 IST" finished-at="2022-10-07T09:32:34 IST">
      <class name="all_example.ScreensShot">
        <test-method status="PASS" signature="ScreenShotTest()[pri:0, instance:all_example.ScreensShot@59906517]" name="ScreenShotTest" duration-ms="16963" started-at="2022-10-07T09:32:17 IST" finished-at="2022-10-07T09:32:34 IST">
          <reporter-output>
          </reporter-output>
        </test-method> <!-- ScreenShotTest -->
      </class> <!-- all_example.ScreensShot -->
    </test> <!-- Default test -->
  </suite> <!-- Default suite -->
</testng-results>
